[2025-11-10 14:00:56] [INFO] data_layer.playwright_driver: 🧠 Contexto persistente creado en C:\ChromeProfiles\mycase_pw
[2025-11-10 14:00:56] [INFO] data_layer.playwright_driver: ✅ Playwright listo (headless=False)
[2025-11-10 14:00:56] [INFO] service_layer.mycase_play_service: 🌐 Abriendo MyCase Dashboard...
[2025-11-10 14:01:02] [INFO] service_layer.mycase_play_service: 🔐 Sesión no activa, intentando login manual...
[2025-11-10 14:01:17] [WARNING] service_layer.mycase_play_service: ⚠️ No se detectó el dashboard tras login, revisa credenciales o 2FA.
[2025-11-10 14:01:17] [INFO] __main__: 
========== Procesando Uriel_Humberto_Hernandez_Garcia (ID 67641107) ==========
[2025-11-10 14:01:17] [INFO] parsing_layer.mycase_documents: ➡️  Abriendo: https://the-mendoza-law-firm.mycase.com/leads/67641107/case_details/info
[2025-11-10 14:01:26] [WARNING] parsing_layer.mycase_documents: ⚠️  No se encontró la tabla de archivos para ID 67641107. Se omite.
[2025-11-10 14:01:26] [INFO] __main__: 
========== Procesando Laura_Estela_Mora_Ramirez (ID 67565834) ==========
[2025-11-10 14:01:26] [INFO] parsing_layer.mycase_documents: ➡️  Abriendo: https://the-mendoza-law-firm.mycase.com/leads/67565834/case_details/info
[2025-11-10 14:01:34] [WARNING] parsing_layer.mycase_documents: ⚠️  No se encontró la tabla de archivos para ID 67565834. Se omite.
[2025-11-10 14:01:34] [INFO] __main__: 
========== Procesando ELBA_BENITEZ_LOPEZ (ID 67641322) ==========
[2025-11-10 14:01:34] [INFO] parsing_layer.mycase_documents: ➡️  Abriendo: https://the-mendoza-law-firm.mycase.com/leads/67641322/case_details/info
[2025-11-10 14:01:37] [WARNING] parsing_layer.mycase_documents: ⚠️  No se encontró la tabla de archivos para ID 67641322. Se omite.
[2025-11-10 14:01:37] [INFO] __main__: 
========== Procesando JUAN_SUCUQUI_NIMAJA_ (ID 67641182) ==========
[2025-11-10 14:01:37] [INFO] parsing_layer.mycase_documents: ➡️  Abriendo: https://the-mendoza-law-firm.mycase.com/leads/67641182/case_details/info
[2025-11-10 14:01:37] [ERROR] __main__: Error al procesar 67641182 - Page.goto: Target page, context or browser has been closed
[2025-11-10 14:01:37] [INFO] __main__: 
========== Procesando CARLOS_ARTURO_ESPINOZA_HERNANDEZ (ID 67652802) ==========
[2025-11-10 14:01:37] [INFO] parsing_layer.mycase_documents: ➡️  Abriendo: https://the-mendoza-law-firm.mycase.com/leads/67652802/case_details/info
[2025-11-10 14:01:37] [ERROR] __main__: Error al procesar 67652802 - Page.goto: Target page, context or browser has been closed
[2025-11-10 14:01:37] [INFO] __main__: 
========== Procesando Efrain_Montoya_Garcia (ID 67650906) ==========
[2025-11-10 14:01:37] [INFO] parsing_layer.mycase_documents: ➡️  Abriendo: https://the-mendoza-law-firm.mycase.com/leads/67650906/case_details/info
[2025-11-10 14:01:37] [ERROR] __main__: Error al procesar 67650906 - Page.goto: Target page, context or browser has been closed
[2025-11-10 14:01:37] [INFO] __main__: 
========== Procesando NELSON_DEL_CARMEN_GARRO_ABARCA (ID 67650995) ==========
[2025-11-10 14:01:37] [INFO] parsing_layer.mycase_documents: ➡️  Abriendo: https://the-mendoza-law-firm.mycase.com/leads/67650995/case_details/info
[2025-11-10 14:01:37] [ERROR] __main__: Error al procesar 67650995 - Page.goto: Target page, context or browser has been closed
[2025-11-10 14:01:37] [INFO] __main__: 
========== Procesando Rene_Oscar_Galindo_Henriquez (ID 58853907) ==========
[2025-11-10 14:01:37] [INFO] parsing_layer.mycase_documents: ➡️  Abriendo: https://the-mendoza-law-firm.mycase.com/leads/58853907/case_details/info
[2025-11-10 14:01:37] [ERROR] __main__: Error al procesar 58853907 - Page.goto: Target page, context or browser has been closed
[2025-11-10 14:01:37] [INFO] __main__: 
========== Procesando FELIX_HERNANDEZ_MALDONADO (ID 67566014) ==========
[2025-11-10 14:01:37] [INFO] parsing_layer.mycase_documents: ➡️  Abriendo: https://the-mendoza-law-firm.mycase.com/leads/67566014/case_details/info
[2025-11-10 14:01:37] [ERROR] __main__: Error al procesar 67566014 - Page.goto: Target page, context or browser has been closed
[2025-11-10 14:01:38] [INFO] __main__: 
========== Procesando Joel_Solano_Ruiz_Maribel_Garcia_Hernandez (ID 67471690) ==========
[2025-11-10 14:01:38] [INFO] parsing_layer.mycase_documents: ➡️  Abriendo: https://the-mendoza-law-firm.mycase.com/leads/67471690/case_details/info
[2025-11-10 14:01:38] [ERROR] __main__: Error al procesar 67471690 - Page.goto: Target page, context or browser has been closed
[2025-11-10 14:01:38] [INFO] __main__: 
========== Procesando MARIA_DE_LOS_ANGELES_SOSA_GARCIA (ID 67641030) ==========
[2025-11-10 14:01:38] [INFO] parsing_layer.mycase_documents: ➡️  Abriendo: https://the-mendoza-law-firm.mycase.com/leads/67641030/case_details/info
[2025-11-10 14:01:38] [ERROR] __main__: Error al procesar 67641030 - Page.goto: Target page, context or browser has been closed
[2025-11-10 14:01:38] [INFO] __main__: 
========== Procesando Blanca_Azucena_Simon_De_la_Cruz (ID 67613893) ==========
[2025-11-10 14:01:38] [INFO] parsing_layer.mycase_documents: ➡️  Abriendo: https://the-mendoza-law-firm.mycase.com/leads/67613893/case_details/info
[2025-11-10 14:01:38] [ERROR] __main__: Error al procesar 67613893 - Page.goto: Target page, context or browser has been closed
[2025-11-10 14:01:38] [INFO] __main__: 
========== Procesando AURORA_RODRIGUEZ_RODRIGUEZ (ID 67613522) ==========
[2025-11-10 14:01:38] [INFO] parsing_layer.mycase_documents: ➡️  Abriendo: https://the-mendoza-law-firm.mycase.com/leads/67613522/case_details/info
[2025-11-10 14:01:38] [ERROR] __main__: Error al procesar 67613522 - Page.goto: Target page, context or browser has been closed
[2025-11-10 14:01:38] [INFO] __main__: 
========== Procesando PEDRO_HERRERA_MARTINEZ (ID 67641042) ==========
[2025-11-10 14:01:38] [INFO] parsing_layer.mycase_documents: ➡️  Abriendo: https://the-mendoza-law-firm.mycase.com/leads/67641042/case_details/info
[2025-11-10 14:01:38] [ERROR] __main__: Error al procesar 67641042 - Page.goto: Target page, context or browser has been closed
[2025-11-10 14:04:03] [INFO] data_layer.playwright_driver: 🧠 Contexto persistente creado en C:\ChromeProfiles\mycase_pw
[2025-11-10 14:04:03] [INFO] data_layer.playwright_driver: ✅ Playwright listo (headless=False)
[2025-11-10 14:04:03] [INFO] service_layer.mycase_play_service: 🌐 Abriendo MyCase Dashboard...
[2025-11-10 14:04:09] [INFO] service_layer.mycase_play_service: 🔐 Sesión no activa, intentando login manual...
[2025-11-10 14:04:14] [ERROR] service_layer.mycase_play_service: ❌ Error durante el proceso de login: Target page, context or browser has been closed
=========================== logs ===========================
waiting for navigation to "**/dashboard*" until 'load'
============================================================
Traceback (most recent call last):
  File "C:\Users\HoneyMaldonado\Documents\scraping\service_layer\mycase_play_service.py", line 61, in login_mycase
    page.wait_for_url("**/dashboard*", timeout=15000)
    ~~~~~~~~~~~~~~~~~^^^^^^^^^^^^^^^^^^^^^^^^^^^^^^^^
  File "C:\Users\HoneyMaldonado\Documents\scraping\venv\Lib\site-packages\playwright\sync_api\_generated.py", line 9162, in wait_for_url
    self._sync(
    ~~~~~~~~~~^
        self._impl_obj.wait_for_url(
        ^^^^^^^^^^^^^^^^^^^^^^^^^^^^
            url=self._wrap_handler(url), waitUntil=wait_until, timeout=timeout
            ^^^^^^^^^^^^^^^^^^^^^^^^^^^^^^^^^^^^^^^^^^^^^^^^^^^^^^^^^^^^^^^^^^
        )
        ^
    )
    ^
  File "C:\Users\HoneyMaldonado\Documents\scraping\venv\Lib\site-packages\playwright\_impl\_sync_base.py", line 115, in _sync
    return task.result()
           ~~~~~~~~~~~^^
  File "C:\Users\HoneyMaldonado\Documents\scraping\venv\Lib\site-packages\playwright\_impl\_page.py", line 584, in wait_for_url
    return await self._main_frame.wait_for_url(**locals_to_params(locals()))
           ^^^^^^^^^^^^^^^^^^^^^^^^^^^^^^^^^^^^^^^^^^^^^^^^^^^^^^^^^^^^^^^^^
  File "C:\Users\HoneyMaldonado\Documents\scraping\venv\Lib\site-packages\playwright\_impl\_frame.py", line 263, in wait_for_url
    async with self.expect_navigation(
               ~~~~~~~~~~~~~~~~~~~~~~^
        url=url, waitUntil=waitUntil, timeout=timeout
        ^^^^^^^^^^^^^^^^^^^^^^^^^^^^^^^^^^^^^^^^^^^^^
    ):
    ^
  File "C:\Users\HoneyMaldonado\Documents\scraping\venv\Lib\site-packages\playwright\_impl\_event_context_manager.py", line 33, in __aexit__
    await self._future
  File "C:\Users\HoneyMaldonado\Documents\scraping\venv\Lib\site-packages\playwright\_impl\_frame.py", line 239, in continuation
    event = await waiter.result()
            ^^^^^^^^^^^^^^^^^^^^^
playwright._impl._errors.Error: Target page, context or browser has been closed
=========================== logs ===========================
waiting for navigation to "**/dashboard*" until 'load'
============================================================
[2025-11-10 14:04:14] [INFO] __main__: 
========== Procesando Uriel_Humberto_Hernandez_Garcia (ID 67641107) ==========
[2025-11-10 14:04:14] [INFO] parsing_layer.mycase_documents: ➡️  Abriendo: https://the-mendoza-law-firm.mycase.com/leads/67641107/case_details/info
[2025-11-10 14:04:14] [ERROR] __main__: Error al procesar 67641107 - Page.goto: Target page, context or browser has been closed
[2025-11-10 14:04:14] [INFO] __main__: 
========== Procesando Laura_Estela_Mora_Ramirez (ID 67565834) ==========
[2025-11-10 14:04:14] [INFO] parsing_layer.mycase_documents: ➡️  Abriendo: https://the-mendoza-law-firm.mycase.com/leads/67565834/case_details/info
[2025-11-10 14:04:14] [ERROR] __main__: Error al procesar 67565834 - Page.goto: Target page, context or browser has been closed
[2025-11-10 14:04:14] [INFO] __main__: 
========== Procesando ELBA_BENITEZ_LOPEZ (ID 67641322) ==========
[2025-11-10 14:04:14] [INFO] parsing_layer.mycase_documents: ➡️  Abriendo: https://the-mendoza-law-firm.mycase.com/leads/67641322/case_details/info
[2025-11-10 14:04:14] [ERROR] __main__: Error al procesar 67641322 - Page.goto: Target page, context or browser has been closed
[2025-11-10 14:04:14] [INFO] __main__: 
========== Procesando JUAN_SUCUQUI_NIMAJA_ (ID 67641182) ==========
[2025-11-10 14:04:14] [INFO] parsing_layer.mycase_documents: ➡️  Abriendo: https://the-mendoza-law-firm.mycase.com/leads/67641182/case_details/info
[2025-11-10 14:04:14] [ERROR] __main__: Error al procesar 67641182 - Page.goto: Target page, context or browser has been closed
[2025-11-10 14:04:14] [INFO] __main__: 
========== Procesando CARLOS_ARTURO_ESPINOZA_HERNANDEZ (ID 67652802) ==========
[2025-11-10 14:04:14] [INFO] parsing_layer.mycase_documents: ➡️  Abriendo: https://the-mendoza-law-firm.mycase.com/leads/67652802/case_details/info
[2025-11-10 14:04:14] [ERROR] __main__: Error al procesar 67652802 - Page.goto: Target page, context or browser has been closed
[2025-11-10 14:04:14] [INFO] __main__: 
========== Procesando Efrain_Montoya_Garcia (ID 67650906) ==========
[2025-11-10 14:04:14] [INFO] parsing_layer.mycase_documents: ➡️  Abriendo: https://the-mendoza-law-firm.mycase.com/leads/67650906/case_details/info
[2025-11-10 14:04:14] [ERROR] __main__: Error al procesar 67650906 - Page.goto: Target page, context or browser has been closed
[2025-11-10 14:04:14] [INFO] __main__: 
========== Procesando NELSON_DEL_CARMEN_GARRO_ABARCA (ID 67650995) ==========
[2025-11-10 14:04:14] [INFO] parsing_layer.mycase_documents: ➡️  Abriendo: https://the-mendoza-law-firm.mycase.com/leads/67650995/case_details/info
[2025-11-10 14:04:14] [ERROR] __main__: Error al procesar 67650995 - Page.goto: Target page, context or browser has been closed
[2025-11-10 14:04:14] [INFO] __main__: 
========== Procesando Rene_Oscar_Galindo_Henriquez (ID 58853907) ==========
[2025-11-10 14:04:14] [INFO] parsing_layer.mycase_documents: ➡️  Abriendo: https://the-mendoza-law-firm.mycase.com/leads/58853907/case_details/info
[2025-11-10 14:04:14] [ERROR] __main__: Error al procesar 58853907 - Page.goto: Target page, context or browser has been closed
[2025-11-10 14:04:14] [INFO] __main__: 
========== Procesando FELIX_HERNANDEZ_MALDONADO (ID 67566014) ==========
[2025-11-10 14:04:14] [INFO] parsing_layer.mycase_documents: ➡️  Abriendo: https://the-mendoza-law-firm.mycase.com/leads/67566014/case_details/info
[2025-11-10 14:04:14] [ERROR] __main__: Error al procesar 67566014 - Page.goto: Target page, context or browser has been closed
[2025-11-10 14:04:14] [INFO] __main__: 
========== Procesando Joel_Solano_Ruiz_Maribel_Garcia_Hernandez (ID 67471690) ==========
[2025-11-10 14:04:14] [INFO] parsing_layer.mycase_documents: ➡️  Abriendo: https://the-mendoza-law-firm.mycase.com/leads/67471690/case_details/info
[2025-11-10 14:04:14] [ERROR] __main__: Error al procesar 67471690 - Page.goto: Target page, context or browser has been closed
[2025-11-10 14:04:14] [INFO] __main__: 
========== Procesando MARIA_DE_LOS_ANGELES_SOSA_GARCIA (ID 67641030) ==========
[2025-11-10 14:04:14] [INFO] parsing_layer.mycase_documents: ➡️  Abriendo: https://the-mendoza-law-firm.mycase.com/leads/67641030/case_details/info
[2025-11-10 14:04:14] [ERROR] __main__: Error al procesar 67641030 - Page.goto: Target page, context or browser has been closed
[2025-11-10 14:04:14] [INFO] __main__: 
========== Procesando Blanca_Azucena_Simon_De_la_Cruz (ID 67613893) ==========
[2025-11-10 14:04:14] [INFO] parsing_layer.mycase_documents: ➡️  Abriendo: https://the-mendoza-law-firm.mycase.com/leads/67613893/case_details/info
[2025-11-10 14:04:14] [ERROR] __main__: Error al procesar 67613893 - Page.goto: Target page, context or browser has been closed
[2025-11-10 14:04:14] [INFO] __main__: 
========== Procesando AURORA_RODRIGUEZ_RODRIGUEZ (ID 67613522) ==========
[2025-11-10 14:04:14] [INFO] parsing_layer.mycase_documents: ➡️  Abriendo: https://the-mendoza-law-firm.mycase.com/leads/67613522/case_details/info
[2025-11-10 14:04:14] [ERROR] __main__: Error al procesar 67613522 - Page.goto: Target page, context or browser has been closed
[2025-11-10 14:04:14] [INFO] __main__: 
========== Procesando PEDRO_HERRERA_MARTINEZ (ID 67641042) ==========
[2025-11-10 14:04:14] [INFO] parsing_layer.mycase_documents: ➡️  Abriendo: https://the-mendoza-law-firm.mycase.com/leads/67641042/case_details/info
[2025-11-10 14:04:14] [ERROR] __main__: Error al procesar 67641042 - Page.goto: Target page, context or browser has been closed
[2025-11-10 14:05:31] [INFO] data_layer.playwright_driver: 🧠 Contexto persistente creado en C:\ChromeProfiles\mycase_pw
[2025-11-10 14:05:31] [INFO] data_layer.playwright_driver: ✅ Playwright listo (headless=False)
[2025-11-10 14:05:31] [INFO] service_layer.mycase_play_service: 🌐 Abriendo MyCase Dashboard...
[2025-11-10 14:05:37] [INFO] service_layer.mycase_play_service: 🔐 Sesión no activa, intentando login manual...
[2025-11-10 14:05:40] [INFO] service_layer.mycase_play_service: ✅ Login exitoso en MyCase.
[2025-11-10 14:05:40] [INFO] __main__: 
========== Procesando Uriel_Humberto_Hernandez_Garcia (ID 67641107) ==========
[2025-11-10 14:05:40] [INFO] parsing_layer.mycase_documents: ➡️  Abriendo: https://the-mendoza-law-firm.mycase.com/leads/67641107/case_details/info
[2025-11-10 14:05:46] [INFO] parsing_layer.mycase_documents: ➡️  Abriendo pestaña de documentos...
[2025-11-10 14:05:51] [WARNING] parsing_layer.mycase_documents: ⚠️  No se encontró la tabla de archivos para ID 67641107. Se omite.
[2025-11-10 14:05:51] [INFO] __main__: 
========== Procesando Laura_Estela_Mora_Ramirez (ID 67565834) ==========
[2025-11-10 14:05:51] [INFO] parsing_layer.mycase_documents: ➡️  Abriendo: https://the-mendoza-law-firm.mycase.com/leads/67565834/case_details/info
[2025-11-10 14:05:56] [INFO] parsing_layer.mycase_documents: ➡️  Abriendo pestaña de documentos...
[2025-11-10 14:06:01] [WARNING] parsing_layer.mycase_documents: ⚠️  No se encontró la tabla de archivos para ID 67565834. Se omite.
[2025-11-10 14:06:01] [INFO] __main__: 
========== Procesando ELBA_BENITEZ_LOPEZ (ID 67641322) ==========
[2025-11-10 14:06:01] [INFO] parsing_layer.mycase_documents: ➡️  Abriendo: https://the-mendoza-law-firm.mycase.com/leads/67641322/case_details/info
[2025-11-10 14:06:08] [INFO] parsing_layer.mycase_documents: ➡️  Abriendo pestaña de documentos...
[2025-11-10 14:06:13] [WARNING] parsing_layer.mycase_documents: ⚠️  No se encontró la tabla de archivos para ID 67641322. Se omite.
[2025-11-10 14:06:13] [INFO] __main__: 
========== Procesando JUAN_SUCUQUI_NIMAJA_ (ID 67641182) ==========
[2025-11-10 14:06:13] [INFO] parsing_layer.mycase_documents: ➡️  Abriendo: https://the-mendoza-law-firm.mycase.com/leads/67641182/case_details/info
[2025-11-10 14:06:18] [INFO] parsing_layer.mycase_documents: ➡️  Abriendo pestaña de documentos...
[2025-11-10 14:06:23] [WARNING] parsing_layer.mycase_documents: ⚠️  No se encontró la tabla de archivos para ID 67641182. Se omite.
[2025-11-10 14:06:23] [INFO] __main__: 
========== Procesando CARLOS_ARTURO_ESPINOZA_HERNANDEZ (ID 67652802) ==========
[2025-11-10 14:06:23] [INFO] parsing_layer.mycase_documents: ➡️  Abriendo: https://the-mendoza-law-firm.mycase.com/leads/67652802/case_details/info
[2025-11-10 14:06:27] [INFO] parsing_layer.mycase_documents: ➡️  Abriendo pestaña de documentos...
[2025-11-10 14:06:32] [WARNING] parsing_layer.mycase_documents: ⚠️  No se encontró la tabla de archivos para ID 67652802. Se omite.
[2025-11-10 14:06:32] [INFO] __main__: 
========== Procesando Efrain_Montoya_Garcia (ID 67650906) ==========
[2025-11-10 14:06:32] [INFO] parsing_layer.mycase_documents: ➡️  Abriendo: https://the-mendoza-law-firm.mycase.com/leads/67650906/case_details/info
[2025-11-10 14:06:37] [INFO] parsing_layer.mycase_documents: ➡️  Abriendo pestaña de documentos...
[2025-11-10 14:06:37] [INFO] parsing_layer.mycase_documents: 📂 2 archivos encontrados para Efrain_Montoya_Garcia.
[2025-11-10 14:06:37] [INFO] parsing_layer.mycase_documents: ⬇️  Abriendo documento: Efrain-Montoya-Garcia-INTAKE-10-11-2025-mp3-b36e94a4-b6b4.pdf
[2025-11-10 14:06:41] [INFO] parsing_layer.mycase_documents: ✅ Guardado en C:\MyCaseDownloads\Efrain_Montoya_Garcia\Efrain-Montoya-Garcia-INTAKE-10-11-2025-mp3-b36e94a4-b6b4.pdf
[2025-11-10 14:06:41] [INFO] parsing_layer.mycase_documents: ⬇️  Abriendo documento: Efrain-Montoya-Garcia-INTAKE-10-11-2025-mp3-b36e94a4-b6b4.pdf
[2025-11-10 14:06:43] [INFO] parsing_layer.mycase_documents: ✅ Guardado en C:\MyCaseDownloads\Efrain_Montoya_Garcia\Efrain-Montoya-Garcia-INTAKE-10-11-2025-mp3-b36e94a4-b6b4.pdf
[2025-11-10 14:06:43] [INFO] __main__: 
========== Procesando NELSON_DEL_CARMEN_GARRO_ABARCA (ID 67650995) ==========
[2025-11-10 14:06:43] [INFO] parsing_layer.mycase_documents: ➡️  Abriendo: https://the-mendoza-law-firm.mycase.com/leads/67650995/case_details/info
[2025-11-10 14:06:47] [INFO] parsing_layer.mycase_documents: ➡️  Abriendo pestaña de documentos...
[2025-11-10 14:06:48] [INFO] parsing_layer.mycase_documents: 📂 3 archivos encontrados para NELSON_DEL_CARMEN_GARRO_ABARCA.
[2025-11-10 14:06:48] [INFO] parsing_layer.mycase_documents: ⬇️  Abriendo documento: NELSON-DEL-CARMEN-GARRO-ABARCA-Intake-10-11-2025-mp3-99adf032-96e1.pdf
[2025-11-10 14:06:52] [INFO] parsing_layer.mycase_documents: ✅ Guardado en C:\MyCaseDownloads\NELSON_DEL_CARMEN_GARRO_ABARCA\NELSON-DEL-CARMEN-GARRO-ABARCA-Intake-10-11-2025-mp3-99adf032-96e1.pdf
[2025-11-10 14:06:52] [INFO] parsing_layer.mycase_documents: ⬇️  Abriendo documento: Captura de pantalla 2025-11-10 131506.png
[2025-11-10 14:06:54] [INFO] parsing_layer.mycase_documents: ✅ Guardado en C:\MyCaseDownloads\NELSON_DEL_CARMEN_GARRO_ABARCA\Captura de pantalla 2025-11-10 131506.png
[2025-11-10 14:06:54] [INFO] parsing_layer.mycase_documents: ⬇️  Abriendo documento: Captura de pantalla 2025-11-10 131455.png
[2025-11-10 14:06:57] [INFO] parsing_layer.mycase_documents: ✅ Guardado en C:\MyCaseDownloads\NELSON_DEL_CARMEN_GARRO_ABARCA\Captura de pantalla 2025-11-10 131455.png
[2025-11-10 14:06:57] [INFO] __main__: 
========== Procesando Rene_Oscar_Galindo_Henriquez (ID 58853907) ==========
[2025-11-10 14:06:57] [INFO] parsing_layer.mycase_documents: ➡️  Abriendo: https://the-mendoza-law-firm.mycase.com/leads/58853907/case_details/info
[2025-11-10 14:07:03] [INFO] parsing_layer.mycase_documents: ➡️  Abriendo pestaña de documentos...
[2025-11-10 14:07:04] [INFO] parsing_layer.mycase_documents: 📂 1 archivos encontrados para Rene_Oscar_Galindo_Henriquez.
[2025-11-10 14:07:04] [INFO] parsing_layer.mycase_documents: ⬇️  Abriendo documento: Rene-Oscar-Galindo-Henriquez-follow-up-retainer-26-02-2025.pdf
[2025-11-10 14:07:08] [INFO] parsing_layer.mycase_documents: ✅ Guardado en C:\MyCaseDownloads\Rene_Oscar_Galindo_Henriquez\Rene-Oscar-Galindo-Henriquez-follow-up-retainer-26-02-2025.pdf
[2025-11-10 14:07:08] [INFO] __main__: 
========== Procesando FELIX_HERNANDEZ_MALDONADO (ID 67566014) ==========
[2025-11-10 14:07:08] [INFO] parsing_layer.mycase_documents: ➡️  Abriendo: https://the-mendoza-law-firm.mycase.com/leads/67566014/case_details/info
[2025-11-10 14:07:14] [INFO] parsing_layer.mycase_documents: ➡️  Abriendo pestaña de documentos...
[2025-11-10 14:07:19] [WARNING] parsing_layer.mycase_documents: ⚠️  No se encontró la tabla de archivos para ID 67566014. Se omite.
[2025-11-10 14:07:19] [INFO] __main__: 
========== Procesando Joel_Solano_Ruiz_Maribel_Garcia_Hernandez (ID 67471690) ==========
[2025-11-10 14:07:19] [INFO] parsing_layer.mycase_documents: ➡️  Abriendo: https://the-mendoza-law-firm.mycase.com/leads/67471690/case_details/info
[2025-11-10 14:07:24] [INFO] parsing_layer.mycase_documents: ➡️  Abriendo pestaña de documentos...
[2025-11-10 14:07:24] [INFO] parsing_layer.mycase_documents: 📂 1 archivos encontrados para Joel_Solano_Ruiz_Maribel_Garcia_Hernandez.
[2025-11-10 14:07:24] [INFO] parsing_layer.mycase_documents: ⬇️  Abriendo documento: Joel-Solano-Ruiz-Maribel-Garcia-Hernandez-New-Appointment-for-November-8-2025-1-30pm-with-FTB-Consult-PM-a6ad76a4-f3d7.pdf
[2025-11-10 14:07:29] [INFO] parsing_layer.mycase_documents: ✅ Guardado en C:\MyCaseDownloads\Joel_Solano_Ruiz_Maribel_Garcia_Hernandez\Joel-Solano-Ruiz-Maribel-Garcia-Hernandez-New-Appointment-for-November-8-2025-1-30pm-with-FTB-Consult-PM-a6ad76a4-f3d7.pdf
[2025-11-10 14:07:29] [INFO] __main__: 
========== Procesando MARIA_DE_LOS_ANGELES_SOSA_GARCIA (ID 67641030) ==========
[2025-11-10 14:07:29] [INFO] parsing_layer.mycase_documents: ➡️  Abriendo: https://the-mendoza-law-firm.mycase.com/leads/67641030/case_details/info
[2025-11-10 14:07:34] [INFO] parsing_layer.mycase_documents: ➡️  Abriendo pestaña de documentos...
[2025-11-10 14:07:34] [INFO] parsing_layer.mycase_documents: 📂 1 archivos encontrados para MARIA_DE_LOS_ANGELES_SOSA_GARCIA.
[2025-11-10 14:07:34] [INFO] parsing_layer.mycase_documents: ⬇️  Abriendo documento: MARIA-DE-LOS-ANGELES-SOSA-GARCIA-New-Appointment-for-November-8-2025-1-30pm-with-FTB-Consult-PM-c5300755-6d07.pdf
[2025-11-10 14:07:38] [INFO] parsing_layer.mycase_documents: ✅ Guardado en C:\MyCaseDownloads\MARIA_DE_LOS_ANGELES_SOSA_GARCIA\MARIA-DE-LOS-ANGELES-SOSA-GARCIA-New-Appointment-for-November-8-2025-1-30pm-with-FTB-Consult-PM-c5300755-6d07.pdf
[2025-11-10 14:07:38] [INFO] __main__: 
========== Procesando Blanca_Azucena_Simon_De_la_Cruz (ID 67613893) ==========
[2025-11-10 14:07:38] [INFO] parsing_layer.mycase_documents: ➡️  Abriendo: https://the-mendoza-law-firm.mycase.com/leads/67613893/case_details/info
[2025-11-10 14:07:43] [INFO] parsing_layer.mycase_documents: ➡️  Abriendo pestaña de documentos...
[2025-11-10 14:07:48] [WARNING] parsing_layer.mycase_documents: ⚠️  No se encontró la tabla de archivos para ID 67613893. Se omite.
[2025-11-10 14:07:48] [INFO] __main__: 
========== Procesando AURORA_RODRIGUEZ_RODRIGUEZ (ID 67613522) ==========
[2025-11-10 14:07:48] [INFO] parsing_layer.mycase_documents: ➡️  Abriendo: https://the-mendoza-law-firm.mycase.com/leads/67613522/case_details/info
[2025-11-10 14:07:52] [INFO] parsing_layer.mycase_documents: ➡️  Abriendo pestaña de documentos...
[2025-11-10 14:07:57] [WARNING] parsing_layer.mycase_documents: ⚠️  No se encontró la tabla de archivos para ID 67613522. Se omite.
[2025-11-10 14:07:57] [INFO] __main__: 
========== Procesando PEDRO_HERRERA_MARTINEZ (ID 67641042) ==========
[2025-11-10 14:07:57] [INFO] parsing_layer.mycase_documents: ➡️  Abriendo: https://the-mendoza-law-firm.mycase.com/leads/67641042/case_details/info
[2025-11-10 14:08:02] [INFO] parsing_layer.mycase_documents: ➡️  Abriendo pestaña de documentos...
[2025-11-10 14:08:07] [WARNING] parsing_layer.mycase_documents: ⚠️  No se encontró la tabla de archivos para ID 67641042. Se omite.
